3
S ( _ _ -> S _ > ( > _ ^
S ) _ _ -> ep 2 ^ _ < _ <
ep 2 a 0 -> and0p 2 ^ _ ^ _ <
ep 2 a 1 -> and1p 2 ^ _ ^ _ <
ep 2 o 0 -> or0p 2 ^ _ ^ _ <
ep 2 o 1 -> or1p 2 ^ _ ^ _ <
and0p 2 _ 0 -> ep 2 ^ _ < 0 ^
and0p 2 _ 1 -> ep 2 ^ _ < 0 ^
and1p 2 _ 0 -> ep 2 ^ _ < 0 ^
and1p 2 _ 1 -> ep 2 ^ _ < 1 ^
or0p 2 _ 0 -> ep 2 ^ _ < 0 ^
or0p 2 _ 1 -> ep 2 ^ _ < 1 ^
or1p 2 _ 0 -> ep 2 ^ _ < 1 ^
or1p 2 _ 1 -> ep 2 ^ _ < 1 ^
ep 2 ( 0 -> S _ > _ ^ 0 >
ep 2 ( 1 -> S _ > _ ^ 1 >
ep 2 ( _ -> S _ > _ ^ _ ^
S o _ _ -> epo 2 ^ _ < _ <
epo 2 a 0 -> and0po 2 ^ _ ^ _ <
epo 2 a 1 -> and1po 2 ^ _ ^ _ <
epo 2 o 0 -> or0po 2 ^ _ ^ _ <
epo 2 o 1 -> or1po 2 ^ _ ^ _ <
and0po 2 _ 0 -> epo 2 ^ _ < 0 ^
and0po 2 _ 1 -> epo 2 ^ _ < 0 ^
and1po 2 _ 0 -> epo 2 ^ _ < 0 ^
and1po 2 _ 1 -> epo 2 ^ _ < 1 ^
or0po 2 _ 0 -> epo 2 ^ _ < 0 ^
or0po 2 _ 1 -> epo 2 ^ _ < 1 ^
or1po 2 _ 0 -> epo 2 ^ _ < 1 ^
or1po 2 _ 1 -> epo 2 ^ _ < 1 ^
epo 2 _ 0 -> S _ > o > 0 >
epo 2 _ 1 -> S _ > o > 1 >
epo 2 ( 0 -> wo 2 ^ ( > 0 >
epo 2 ( 1 -> wo 2 ^ ( > 1 >
wo 2 _ _ -> S _ > o > _ ^
S a _ _ -> epa 2 ^ _ < _ <
epa 2 a 0 -> and0pa 2 ^ _ ^ _ <
epa 2 a 1 -> and1pa 2 ^ _ ^ _ <
epa 2 o 0 -> wa 2 ^ o > 0 >
epa 2 o 1 -> wa 2 ^ o > 1 >
epa 2 ( 0 -> wa 2 ^ ( > 0 >
epa 2 ( 1 -> wa 2 ^ ( > 1 >
and0pa 2 _ 0 -> epa 2 ^ _ < 0 ^
and0pa 2 _ 1 -> epa 2 ^ _ < 0 ^
and1pa 2 _ 0 -> epa 2 ^ _ < 0 ^
and1pa 2 _ 1 -> epa 2 ^ _ < 1 ^
wa 2 _ _ -> S _ > a > _ ^
epa 2 _ 0 -> S _ > a > 0 >
epa 2 _ 1 -> S _ > a > 1 >
S 0 _ _ -> S _ > _ ^ 0 >
S 1 _ _ -> S _ > _ ^ 1 >
S _ _ _ -> ga 2 ^ _ < _ <
ga 2 a 0 -> and0ga 2 ^ _ ^ _ <
ga 2 a 1 -> and1ga 2 ^ _ ^ _ <
ga 2 o 0 -> or0ga 2 ^ _ ^ _ <
ga 2 o 1 -> or1ga 2 ^ _ ^ _ <
and0ga 2 _ 0 -> ga 2 ^ _ < 0 ^
and0ga 2 _ 1 -> ga 2 ^ _ < 0 ^
and1ga 2 _ 0 -> ga 2 ^ _ < 0 ^
and1ga 2 _ 1 -> ga 2 ^ _ < 1 ^
or0ga 2 _ 0 -> ga 2 ^ _ < 0 ^
or0ga 2 _ 1 -> ga 2 ^ _ < 1 ^
or1ga 2 _ 0 -> ga 2 ^ _ < 1 ^
or1ga 2 _ 1 -> ga 2 ^ _ < 1 ^
ga 2 _ 0 -> AC 0 ^ _ ^ _ ^
ga 2 _ 1 -> AC 1 ^ _ ^ _ ^
