start: s2
accept: ac
reject: rj
blank: _
s2 0 -> s2 _ >
s2 _ -> ac 0 ^
s2 1 -> s1 1 ^
s2 2 -> s1 2 ^
s1 1 -> t4 1 <
s1 2 -> t4 2 <
t4 _ -> s 4 >
s 1 -> o 1 >
s 2 -> e 2 >
e 0 -> e 0 >
e 1 -> o 1 >
e 2 -> e 2 >
o 0 -> o 0 >
o 1 -> e 1 >
o 2 -> o 2 >
o _ -> w1 _ <
e _ -> w0 _ <
w0 0 -> w0 0 <
w0 1 -> w0 1 <
w0 2 -> w0 2 <
w0 _ -> w0 _ <
w1 0 -> w1 0 <
w1 1 -> w1 1 <
w1 2 -> w1 2 <
w1 _ -> w1 _ <
w0 4 -> glw0 4 <
w1 4 -> glw1 4 <
glw0 0 -> glw0 0 <
glw0 1 -> glw0 1 <
glw1 0 -> glw1 0 <
glw1 1 -> glw1 1 <
glw0 _ -> gtst 0 >
glw1 _ -> gtst 1 >
gtst 0 -> gtst 0 >
gtst 1 -> gtst 1 >
gtst 4 -> sb 4 >
sb _ -> sb _ >
sb 0 -> dtr0 0 ^
sb 1 -> dtr0 1 ^
sb 2 -> dtr0 2 ^
dtr0 0 -> w0r0 _ >
dtr0 1 -> w0r1 _ >
dtr0 2 -> w1r0 _ >
dtr0 _ -> s _ >
dtr1 0 -> w1r1 _ >
dtr1 1 -> w2r0 _ >
dtr1 2 -> w2r1 _ >
dtr1 _ -> s _ >
w0r0 0 -> w0r0 0 >
w0r0 1 -> w0r0 1 >
w0r0 2 -> w0r0 2 >
w0r1 0 -> w0r1 0 >
w0r1 1 -> w0r1 1 >
w0r1 2 -> w0r1 2 >
w1r0 0 -> w1r0 0 >
w1r0 1 -> w1r0 1 >
w1r0 2 -> w1r0 2 >
w1r1 0 -> w1r1 0 >
w1r1 1 -> w1r1 1 >
w1r1 2 -> w1r1 2 >
w2r0 0 -> w2r0 0 >
w2r0 1 -> w2r0 1 >
w2r0 2 -> w2r0 2 >
w2r1 0 -> w2r1 0 >
w2r1 1 -> w2r1 1 >
w2r1 2 -> w2r1 2 >
w0r0 _ -> w0r0h _ >
w0r1 _ -> w0r1h _ >
w1r0 _ -> w1r0h _ >
w1r1 _ -> w1r1h _ >
w2r0 _ -> w2r0h _ >
w2r1 _ -> w2r1h _ >
w0r0h 0 -> w0r0h 0 >
w0r0h 1 -> w0r0h 1 >
w0r0h 2 -> w0r0h 2 >
w0r1h 0 -> w0r1h 0 >
w0r1h 1 -> w0r1h 1 >
w0r1h 2 -> w0r1h 2 >
w1r0h 0 -> w1r0h 0 >
w1r0h 1 -> w1r0h 1 >
w1r0h 2 -> w1r0h 2 >
w1r1h 0 -> w1r1h 0 >
w1r1h 1 -> w1r1h 1 >
w1r1h 2 -> w1r1h 2 >
w2r0h 0 -> w2r0h 0 >
w2r0h 1 -> w2r0h 1 >
w2r0h 2 -> w2r0h 2 >
w2r1h 0 -> w2r1h 0 >
w2r1h 1 -> w2r1h 1 >
w2r1h 2 -> w2r1h 2 >
w0r0h _ -> r0rts 0 <
w0r1h _ -> r1rts 0 <
w1r0h _ -> r0rts 1 <
w1r1h _ -> r1rts 1 <
w2r0h _ -> r0rts 2 <
w2r1h _ -> r1rts 2 <
r0rts 0 -> r0rts 0 <
r0rts 1 -> r0rts 1 <
r0rts 2 -> r0rts 2 <
r1rts 0 -> r1rts 0 <
r1rts 1 -> r1rts 1 <
r1rts 2 -> r1rts 2 <
r0rts _ -> r0rtsf _ <
r1rts _ -> r1rtsf _ <
r0rtsf 0 -> r0rtsf 0 <
r0rtsf 1 -> r0rtsf 1 <
r0rtsf 2 -> r0rtsf 2 <
r1rtsf 0 -> r1rtsf 0 <
r1rtsf 1 -> r1rtsf 1 <
r1rtsf 2 -> r1rtsf 2 <
r0rtsf _ -> dtr0 _ >
r1rtsf _ -> dtr1 _ >
r0rtsf 4 -> rtcw 4 >
r1rtsf 4 -> rtcw 4 >
rtcw _ -> rtcw _ >
rtcw 0 -> s 0 ^
rtcw 1 -> s 1 ^
rtcw 2 -> s 2 ^
s 0 -> mf _ >
mf 1 -> s 1 ^
mf 2 -> s 2 ^
mf 0 -> mf _ >
mf _ -> f _ <
f _ -> f _ <
f 4 -> tsbw _ <
tsbw 0 -> tsbw 0 <
tsbw 1 -> tsbw 1 <
tsbw _ -> ac _ >
