0
0
0
0
0
0
0
0
0
0
0
0
0
0
0
0
0
0
0
0
0
0
0
0
0
0
0
0
0
0
0
0
0
0
0
0
0
0
0
0
0
0
0
0
0
0
0
0
0
0
0
0
0
0
0
0
0
0
0
0
0
0
0
0
0
0
0
0
0
0
0
0
0
0
0
0
0
0
0
0
0
0
0
0
0
0
0
0
0
1 vhstchrobqvvxhcpii 
0
0
0
0
0
0
0
0
0
0
0
0
0
0
0
0
0
0
0
0
0
0
0
0
0
0
0
0
0
0
0
0
0
0
0
0
0
0
0
0
0
0
0
0
0
0
0
0
0
0
0
1 vhstchrobqvvxhcpii 
0
0
0
0
0
0
0
0
0
0
0
0
0
0
0
0
0
0
0
0
0
0
0
0
0
0
0
0
0
0
0
0
0
0
0
0
0
0
0
0
0
0
0
0
0
0
0
0
0
0
0
0
0
0
0
0
0
0
0
0
0
0
0
0
0
0
0
0
0
0
0
0
0
0
0
0
0
0
0
0
0
0
0
0
0
0
0
0
0
0
0
0
0
0
0
0
0
0
1 iasbgalfb 
0
0
0
0
0
0
0
0
0
0
0
0
0
0
0
0
0
0
0
0
0
0
0
0
0
0
0
0
0
0
0
0
0
0
0
0
0
0
0
0
0
0
0
0
0
0
0
0
0
0
0
0
0
0
0
0
0
0
0
0
0
0
0
0
0
0
0
0
0
0
0
0
0
0
0
0
0
0
0
0
0
0
0
0
0
0
0
0
0
0
0
0
0
0
0
0
0
0
0
0
0
0
0
0
0
0
0
1 qnj 
0
0
0
0
0
0
0
0
0
0
0
0
0
0
0
0
0
0
0
0
0
0
0
0
0
0
0
0
0
0
0
0
0
0
0
0
0
0
0
0
0
0
0
0
0
0
0
0
0
0
0
0
0
0
0
0
0
0
0
0
0
0
0
0
0
0
1 ykyuednmhigcth 
0
0
0
0
0
0
0
0
0
0
0
0
0
0
0
0
0
0
0
0
1 kmkl 
0
0
0
0
0
0
0
0
0
0
0
0
0
0
0
0
0
0
0
0
0
0
0
0
0
0
0
0
0
0
0
0
0
0
0
0
0
0
0
0
0
0
0
0
0
0
0
0
0
0
0
0
0
0
0
0
0
0
0
0
0
0
0
0
0
0
0
0
0
0
0
0
0
0
0
0
0
0
0
0
0
0
0
0
0
0
0
0
0
0
0
0
0
0
0
0
0
0
0
0
0
0
0
0
0
0
0
0
0
0
0
0
0
0
0
0
0
0
0
0
0
0
0
0
0
0
0
0
0
0
0
0
0
0
0
0
0
0
0
0
0
0
0
0
0
0
0
0
0
0
0
0
0
0
0
0
0
0
0
0
1 fbxrvyzblu 
0
0
0
0
0
0
0
0
0
0
0
0
0
1 iasbgalfb 
0
0
0
0
0
0
0
0
0
0
0
0
0
0
0
0
1 hxbsqmzoek 
0
0
0
0
1 hxbsqmzoek 
0
0
0
0
0
0
0
0
0
0
0
0
0
0
0
0
0
0
0
0
0
0
0
0
0
0
0
0
0
0
0
0
0
0
0
0
0
0
0
0
0
0
0
0
0
0
0
0
0
0
0
0
0
0
0
0
0
0
0
0
0
0
0
0
0
0
0
0
0
0
0
0
0
0
0
0
0
0
0
0
0
0
0
0
0
0
0
0
0
0
0
0
0
0
0
0
0
0
0
0
0
0
0
0
0
0
0
0
0
0
0
0
0
0
0
0
0
0
0
0
0
1 x 
0
0
0
0
0
0
0
0
0
0
0
0
0
0
0
0
0
0
0
0
1 wtwqobdtumx 
0
0
0
0
0
0
0
0
0
0
0
0
0
0
0
1 axdrayftoykpwqe 
0
0
0
0
0
0
0
0
0
0
0
0
0
0
0
0
0
0
0
0
0
0
0
0
0
0
0
0
0
0
0
0
0
0
0
0
0
0
0
0
0
0
0
0
0
0
0
0
0
0
0
0
0
0
0
0
0
3 ydt hxbsqmzoek kkrifxlhnaor 
0
0
0
0
0
0
0
0
0
0
0
0
0
1 wtwqobdtumx 
0
0
0
0
0
0
0
0
0
0
0
0
0
0
0
0
0
0
0
0
0
0
0
0
0
0
0
0
0
0
0
0
0
0
0
0
0
0
0
0
0
0
0
0
0
0
0
0
0
0
0
0
0
0
0
0
0
0
0
0
0
0
0
0
0
1 daiz 
0
0
0
0
0
0
0
0
0
0
0
0
0
0
0
0
0
0
0
0
0
0
0
0
0
0
0
0
0
0
0
0
0
2 a wnwlvbjukgdnsrzueig 
0
0
0
0
0
0
0
0
0
0
0
0
0
0
0
0
0
0
0
0
0
1 bpmqer 
0
0
0
0
0
0
0
0
0
0
0
0
0
0
0
0
0
0
0
0
0
0
0
0
0
0
0
0
0
0
0
0
0
0
0
0
0
0
0
0
0
0
0
0
0
0
0
0
0
0
0
0
0
0
0
0
0
0
0
0
0
0
0
0
0
0
0
0
0
0
0
0
0
0
0
0
0
0
0
0
0
0
0
0
0
0
0
0
0
0
0
0
0
0
0
0
2 qtijlxtgevixodnvgkq gaergnbcnsoupydvliy 
0
0
0
0
0
0
0
0
0
0
0
0
0
1 zh 
0
0
0
0
1 bihftn 
0
0
0
0
0
0
0
0
0
0
0
0
0
0
0
0
0
0
0
0
0
0
0
0
0
0
0
0
0
0
0
0
0
0
0
0
0
0
0
0
0
0
0
0
0
0
0
1 bihftn 
0
0
0
0
0
0
0
0
0
0
1 wtwqobdtumx 
1 shymroeshqhh 
0
0
0
0
0
0
0
0
0
0
0
0
0
0
0
0
0
0
1 shymroeshqhh 
0
0
0
0
0
0
0
0
0
0
0
0
0
0
2 wj yjhmrwekkxuetai 
0
0
0
0
0
0
0
0
0
0
0
0
0
0
0
0
0
0
0
0
0
0
0
0
0
0
0
0
0
0
0
0
0
0
0
0
0
0
0
0
0
0
0
2 lbhevleabwcpolsc bxsturxaxwfqmnki 
0
0
0
0
0
0
0
0
0
0
0
0
0
0
0
0
0
0
0
0
0
0
0
0
0
0
0
0
0
0
0
0
0
0
0
0
0
0
0
0
2 euyvbjvsa rjapp 
0
0
0
0
0
0
0
0
0
0
0
0
0
0
0
0
0
0
0
0
0
0
0
0
0
0
0
0
0
0
0
0
0
0
0
0
0
0
0
0
0
0
1 cqedefuy 
0
0
0
0
0
0
0
0
0
0
0
0
0
0
0
0
0
0
0
0
0
0
0
0
0
0
0
0
0
0
0
0
0
0
0
0
0
0
0
0
0
0
0
0
1 ecvjnsokzzsvmrteiuz 
0
0
0
0
0
0
0
0
0
0
0
0
0
0
0
0
0
0
0
0
0
0
0
0
0
0
0
0
0
0
0
0
0
0
0
0
0
0
0
0
0
0
0
0
0
1 shymroeshqhh 
0
0
0
0
0
0
0
0
0
0
0
0
0
0
0
0
0
0
0
0
0
0
0
0
0
0
0
0
0
0
0
0
0
0
0
0
0
0
0
0
0
0
0
0
0
0
0
0
0
0
0
0
0
0
0
0
0
0
0
0
0
0
0
0
0
0
0
0
0
0
0
0
0
0
0
0
0
0
0
0
0
0
0
0
0
2 cayhfkxhnftfighuqhm wgeiktn 
0
0
0
0
0
0
0
0
0
0
0
0
0
0
0
3 xzp shymroeshqhh lrpd 
0
0
0
0
0
0
0
0
0
0
0
0
0
0
0
0
0
0
0
0
0
0
0
0
0
0
0
0
0
0
0
0
0
0
0
0
0
0
0
0
0
0
0
0
0
0
0
0
0
0
0
0
0
0
0
0
0
0
0
0
0
0
0
0
0
0
0
0
0
0
0
0
0
0
0
0
0
0
0
0
0
0
0
0
0
0
0
0
0
0
0
0
0
0
0
0
0
0
0
0
0
0
0
0
0
0
0
0
0
0
0
0
0
0
1 zh 
0
0
0
0
0
0
0
0
0
0
0
0
0
0
0
0
0
0
0
0
0
0
0
1 yzxfuifogbvdx 
0
0
0
7 gyheoih nw horaj bdteyzoig qnxduzvpo uqotyorqkljwwnyfa obpqbglbkxuemsgjq 
0
0
0
0
0
0
0
0
0
0
0
0
0
0
0
1 gmtqzgkztscw 
0
7 gyheoih nw horaj bdteyzoig qnxduzvpo uqotyorqkljwwnyfa obpqbglbkxuemsgjq 
0
0
0
0
0
0
0
0
0
0
0
0
0
0
0
0
0
0
0
0
0
0
0
0
0
0
0
0
0
1 xacttoiyyj 
1 xacttoiyyj 
0
0
0
0
0
0
0
0
0
0
0
0
0
0
0
0
0
0
0
0
0
0
0
0
0
0
2 gmtqzgkztscw yq 
0
0
0
0
0
0
0
1 fxwshzuycmqvzhxany 
0
0
0
0
0
0
0
0
0
0
0
0
0
0
0
0
0
0
0
0
0
0
0
0
0
0
0
0
0
0
0
0
0
0
0
0
0
0
0
0
0
0
0
0
0
0
0
0
0
0
0
0
0
0
0
0
0
0
0
0
0
0
0
0
0
0
0
0
0
0
0
0
0
0
0
0
1 wpxgzdiriw 
0
0
0
0
0
0
0
0
0
0
0
0
0
0
0
0
0
0
0
0
0
0
0
0
0
0
0
0
0
0
0
0
0
0
0
0
0
0
0
0
0
0
0
0
0
0
0
0
0
0
0
0
0
0
0
1 wpxgzdiriw 
0
0
0
0
0
0
0
0
0
0
0
0
0
0
0
0
0
0
0
0
0
0
0
0
0
0
0
0
0
0
0
0
0
0
0
0
0
0
0
0
0
0
0
0
0
0
0
0
0
0
0
0
0
0
0
2 t urisepbtlcipqxto 
0
0
0
0
0
0
0
0
0
0
0
0
0
0
0
0
0
0
0
0
0
0
0
0
0
0
0
0
0
0
0
0
0
0
0
1 cg 
0
0
0
0
0
0
0
0
0
0
0
0
0
0
0
0
0
0
0
0
0
0
0
0
0
0
0
0
0
0
0
0
0
0
0
0
0
0
0
0
0
0
0
0
0
0
0
0
0
0
0
0
0
0
0
0
0
0
0
0
0
0
0
0
0
0
0
0
0
0
1 zxkyavfzj 
0
0
0
0
0
0
0
0
0
0
0
0
0
0
0
0
0
0
0
0
0
0
0
0
0
0
0
0
0
0
0
0
0
0
0
0
0
0
0
0
0
0
0
0
0
0
0
0
0
0
0
0
0
0
0
0
0
0
0
0
0
0
0
0
0
0
0
0
0
0
0
0
0
0
0
0
0
0
0
0
0
0
0
0
0
0
0
0
0
0
0
0
0
0
0
0
0
0
0
0
0
0
0
0
0
1 foimivzfxiyo 
0
0
0
0
0
0
0
0
0
0
0
0
0
0
0
0
0
0
0
0
0
1 foimivzfxiyo 
0
0
0
0
0
0
0
0
0
0
0
0
0
0
0
0
0
0
0
0
0
0
0
0
0
0
0
0
0
0
0
0
0
0
0
0
0
0
0
0
0
0
0
0
1 yp 
0
0
0
0
0
0
0
0
0
0
0
0
0
0
0
0
0
0
0
0
0
0
0
0
0
0
0
0
0
0
0
4 l xzp shymroeshqhh lrpd 
0
0
0
0
0
0
0
0
0
0
0
0
0
0
0
0
1 uog 
0
0
0
0
0
0
0
0
0
0
0
0
0
0
1 qkwtylwhnphltno 
0
0
0
0
0
0
0
0
1 nukcvtqco 
0
0
0
0
0
0
0
0
0
0
0
0
0
0
0
0
0
0
0
0
0
0
0
0
0
0
0
0
1 cqyumez 
0
0
0
0
0
0
0
0
0
0
0
0
1 j 
0
0
0
0
0
0
0
0
0
1 yh 
0
0
0
0
0
0
0
0
0
0
0
0
0
0
0
0
0
0
0
1 fhjyusbqqxoakdbr 
0
0
1 wpxgzdiriw 
0
0
0
0
0
0
0
0
1 zzufdjmyknkb 
0
0
0
0
0
1 rreirugw 
0
0
0
0
0
0
0
1 zzufdjmyknkb 
0
0
0
0
0
0
0
0
0
0
0
0
0
0
0
0
0
0
0
2 nirkttfucd wkyngl 
0
0
0
0
0
0
0
0
0
0
0
0
0
0
0
0
0
0
0
0
0
0
0
0
0
0
0
0
1 whkzegb 
0
0
0
0
0
0
0
0
2 m pgdqnmkgphm 
0
0
0
0
0
0
0
0
0
0
0
0
0
0
0
0
0
0
0
0
0
0
0
0
0
0
0
0
0
0
0
0
0
0
0
0
0
4 l xzp shymroeshqhh lrpd 
0
0
0
0
0
0
0
0
0
0
0
0
0
0
0
0
0
0
0
0
0
0
0
0
0
0
1 suctfnfornmtgyuvhy 
0
0
0
0
0
0
0
0
0
0
0
0
0
0
0
0
0
0
0
0
0
0
0
0
0
0
0
1 rbmuvkk 
0
0
1 dl 
0
0
0
0
0
0
0
0
0
0
0
0
0
0
0
0
0
0
0
0
0
0
0
0
0
0
0
0
0
0
0
0
0
0
0
0
0
0
0
0
0
0
0
0
0
0
0
0
0
0
0
0
0
0
0
0
0
0
0
0
0
0
0
0
0
0
0
0
0
0
0
0
0
0
0
0
0
0
0
0
1 eeynzeetk 
0
0
0
0
0
0
0
0
0
0
0
0
0
0
0
0
0
0
0
0
0
0
0
0
0
0
0
0
0
0
0
0
0
0
0
0
0
0
0
0
0
0
0
0
0
0
0
0
0
0
0
0
0
0
0
0
0
0
0
0
0
0
0
0
0
0
0
0
0
0
0
0
1 daiz 
0
0
0
0
0
0
0
1 whkzegb 
1 daiz 
0
0
0
0
0
0
0
0
0
0
0
0
0
0
0
0
0
0
0
3 imjdulbfzgvbqd xacttoiyyj gmyjlmbvmd 
0
0
0
0
0
0
0
0
0
0
0
0
0
0
0
0
0
0
0
0
0
0
0
0
0
0
0
0
0
0
0
0
0
0
0
0
0
0
0
0
0
0
0
0
0
0
0
0
0
0
0
0
0
1 gbzdygagrz 
0
0
0
0
0
0
0
0
0
0
0
0
0
0
0
0
0
0
0
0
0
0
0
0
0
0
0
0
0
0
0
0
0
0
0
0
0
0
1 lmgxlookuo 
0
0
0
0
0
0
0
0
0
0
0
0
0
0
0
0
0
0
0
0
0
0
0
0
0
0
0
0
0
0
0
0
0
0
0
0
0
0
0
0
0
0
0
0
0
0
0
0
0
0
0
1 zzufdjmyknkb 
0
0
0
0
0
0
0
0
0
0
0
0
0
0
0
0
0
0
0
0
0
0
0
0
0
0
0
0
0
0
0
0
0
0
0
0
0
0
0
0
0
0
0
0
0
0
0
0
0
0
0
0
0
0
0
0
0
1 whkzegb 
0
1 qzx 
0
0
0
0
0
0
0
0
0
0
0
0
0
0
0
0
0
0
0
0
0
0
0
0
0
0
0
0
0
0
1 dvgfpc 
0
0
0
0
0
0
0
0
0
0
0
0
0
0
0
0
0
0
0
0
0
0
0
0
0
5 ce wxotulvizwqzrm zxkyavfzj rgoyujrssxwcbxzitfk tdtbcat 
0
1 jchcnckfkpu 
0
0
0
0
0
0
0
0
0
0
0
0
0
0
0
0
0
0
0
0
0
0
0
0
0
0
0
0
0
0
0
0
0
0
0
0
0
0
0
0
0
0
0
0
5 rbmuvkk y dvvreatksiobp etvmgvyxeld gtcarqpdmokvh 
0
0
0
0
0
0
0
0
0
0
0
0
0
0
0
0
0
0
0
0
0
0
0
0
0
0
0
0
0
0
0
0
0
0
0
0
0
0
0
0
0
0
0
0
0
0
0
0
1 zbjqaqromswazvpt 
0
0
0
0
0
0
0
0
0
1 obuzgdjgdzsu 
0
0
0
0
0
0
0
0
0
0
0
0
0
0
0
0
0
0
0
0
0
0
0
0
0
0
0
0
0
0
0
0
0
1 lldiawfwksjaflua 
0
0
0
0
0
0
0
0
0
0
0
0
0
0
0
0
1 sdpwoiengpme 
5 ce wxotulvizwqzrm zxkyavfzj rgoyujrssxwcbxzitfk tdtbcat 
0
1 whkzegb 
0
0
0
0
0
0
0
0
0
0
0
0
0
0
0
0
0
0
0
0
0
0
0
0
1 rgmlpywfwonudwskauv 
0
0
0
0
0
0
5 ce wxotulvizwqzrm zxkyavfzj rgoyujrssxwcbxzitfk tdtbcat 
0
0
1 vjhrvcvrjsah 
0
0
0
0
0
0
0
0
0
0
0
3 hmj psqjkotwrokocbtsp nshlsbxibr 
0
0
0
0
0
0
0
0
0
0
0
0
0
0
3 koazfvp vlljz sdpwoiengpme 
0
0
0
0
0
0
0
0
0
0
0
0
0
0
0
0
0
0
0
0
0
0
0
0
0
0
0
0
0
0
0
0
0
0
0
0
0
0
0
0
0
0
0
0
0
0
3 hmj psqjkotwrokocbtsp nshlsbxibr 
0
0
0
0
0
1 egvpjcmzhzccwnq 
0
0
0
0
0
0
0
0
0
0
0
0
0
0
0
0
0
0
0
0
0
0
0
0
0
0
0
0
0
0
0
0
0
0
0
0
0
0
1 zbjqaqromswazvpt 
0
0
0
0
0
0
1 whkzegb 
0
0
0
0
0
0
0
0
0
0
4 koazfvp vlljz jbdidywywbtpruhtz sdpwoiengpme 
0
0
0
2 pgvbbhen iygqzrorxevhlp 
0
0
0
0
0
0
0
2 zxfoocpz laiqckdityc 
0
0
0
0
0
0
0
0
0
0
0
0
0
0
0
0
0
0
0
0
0
0
0
0
0
0
0
0
0
0
0
0
0
0
0
0
0
1 zbjqaqromswazvpt 
0
0
0
0
0
0
0
0
0
0
0
0
0
0
3 hmj psqjkotwrokocbtsp nshlsbxibr 
0
0
0
0
0
0
0
0
0
0
0
0
0
0
0
0
0
0
0
0
0
0
0
0
0
0
0
0
0
0
0
0
0
0
0
0
0
0
0
0
0
0
0
0
0
0
0
0
0
0
0
0
0
0
0
0
0
0
0
0
0
0
0
0
0
0
0
0
0
0
0
0
0
0
0
0
0
0
0
0
0
0
0
0
0
0
0
0
2 pgvbbhen iygqzrorxevhlp 
0
0
0
0
0
0
0
1 ygxtscfifbvj 
0
0
0
0
0
1 obuzgdjgdzsu 
0
0
0
0
0
0
4 koazfvp vlljz jbdidywywbtpruhtz sdpwoiengpme 
0
0
0
0
0
0
0
0
0
0
0
0
0
2 pgvbbhen iygqzrorxevhlp 
0
0
0
0
0
0
0
0
0
0
0
2 gypvscl nqaefl 
0
0
0
0
0
0
0
0
0
0
0
0
0
0
0
0
0
0
0
0
0
0
0
0
0
0
0
0
0
0
0
0
0
0
0
0
0
0
0
0
0
0
0
0
0
0
0
0
0
0
0
0
0
0
0
0
0
0
0
0
0
0
0
0
0
0
1 obuzgdjgdzsu 
0
0
0
0
0
0
0
0
0
5 ce wxotulvizwqzrm zxkyavfzj rgoyujrssxwcbxzitfk tdtbcat 
0
0
0
0
0
0
0
0
1 ygxtscfifbvj 
0
0
0
0
0
0
0
0
0
0
0
0
0
0
0
0
0
0
0
0
0
0
0
0
0
1 fkpughlusy 
0
0
0
0
0
0
0
0
0
0
0
0
0
0
0
0
0
0
0
0
0
0
0
0
0
0
0
0
0
0
0
0
0
0
0
0
0
0
0
0
0
0
0
0
0
0
0
0
0
0
0
0
0
0
0
0
0
0
0
0
0
0
0
0
0
0
0
0
0
0
0
0
0
0
0
0
0
0
0
0
0
0
0
0
5 ce wxotulvizwqzrm zxkyavfzj rgoyujrssxwcbxzitfk tdtbcat 
0
0
0
0
0
0
0
0
0
0
0
0
0
0
0
0
1 tsslsbrbjndj 
0
0
0
0
0
0
0
0
0
0
0
0
0
0
0
0
0
0
0
0
0
0
0
0
0
0
0
0
0
0
0
0
0
0
0
0
0
0
0
0
0
0
4 r hmj psqjkotwrokocbtsp nshlsbxibr 
0
0
0
0
0
0
0
0
0
0
0
0
0
0
0
0
0
0
0
0
0
0
0
0
0
0
0
0
0
0
0
0
0
0
1 hbmxuqceasqmybyd 
0
0
0
0
0
0
0
0
0
0
0
0
3 zxfoocpz laiqckdityc wk 
0
0
0
0
0
0
0
0
0
0
0
0
0
0
0
0
0
0
0
0
0
0
0
0
2 wbuikygmn lbh 
0
0
0
0
0
0
0
0
0
0
0
0
0
0
0
0
0
0
0
0
0
0
0
0
0
0
0
0
0
0
0
0
0
0
0
0
0
0
0
0
0
0
0
0
0
0
0
0
0
0
0
0
0
0
0
0
0
0
0
0
0
0
0
0
0
0
0
0
0
0
0
0
0
0
0
0
0
0
0
0
0
0
0
0
0
0
0
0
0
0
0
0
0
0
0
0
0
0
0
0
0
0
1 ygxtscfifbvj 
0
0
0
0
0
0
0
0
0
0
0
0
0
0
0
0
0
0
0
0
0
0
0
0
0
0
0
0
0
0
0
0
0
0
0
0
0
0
0
0
0
0
0
0
0
5 jmwaleylg koazfvp vlljz jbdidywywbtpruhtz sdpwoiengpme 
0
0
0
0
0
0
0
0
0
0
0
2 wbuikygmn lbh 
0
0
0
0
0
0
0
0
3 zxfoocpz laiqckdityc wk 
0
0
0
0
0
0
0
2 jeoerpmu zbjqaqromswazvpt 
0
0
0
0
0
0
0
2 wbuikygmn lbh 
0
0
0
0
0
0
0
0
0
0
0
0
0
0
5 ce wxotulvizwqzrm zxkyavfzj rgoyujrssxwcbxzitfk tdtbcat 
0
0
0
0
1 bxalwzlz 
0
0
0
0
0
1 nei 
0
0
0
0
0
0
0
0
0
0
0
0
0
0
0
0
0
0
0
0
0
0
0
0
0
0
0
0
0
0
0
0
0
0
0
0
0
0
0
0
0
0
0
0
0
0
0
0
0
0
0
0
0
0
0
0
0
0
0
0
0
0
0
0
0
0
0
0
0
0
0
0
0
0
0
0
0
0
0
0
0
2 jeoerpmu zbjqaqromswazvpt 
0
0
0
0
0
0
0
0
0
0
0
0
0
0
0
0
0
0
0
0
0
0
0
0
0
0
0
0
0
0
0
0
0
0
0
0
0
0
0
0
0
0
0
0
0
0
4 r hmj psqjkotwrokocbtsp nshlsbxibr 
0
0
0
0
0
0
0
0
0
0
0
0
0
0
0
0
0
0
0
0
0
0
0
0
0
0
0
0
0
0
0
0
0
0
0
0
0
0
0
0
0
0
0
0
0
0
0
0
0
0
0
0
0
0
0
0
0
0
0
0
0
0
0
0
0
0
0
