3
S 0 _ _ -> S 0 > _ ^ _ ^
S 1 _ _ -> S 1 > _ ^ _ ^
S | _ _ -> S | > _ ^ _ ^
S _ _ _ -> rs 2 < _ ^ _ ^
rs 0 _ _ -> rs 0 < _ ^ _ ^
rs 1 _ _ -> rs 1 < _ ^ _ ^
rs | _ _ -> rs | < _ ^ _ ^
rs _ _ _ -> s1 _ > _ ^ _ ^
s1 0 _ _ -> s1 0 > 0 > _ ^
s1 1 _ _ -> s1 1 > 1 > _ ^
s1 | _ _ -> rtsst | > _ < _ ^
s1 2 _ _ -> rtsstclstrtsft 2 < _ < _ ^
rtsst 0 0 _ -> rtsst 0 ^ 0 < _ ^
rtsst 0 1 _ -> rtsst 0 ^ 1 < _ ^
rtsst 0 _ _ -> comp 0 ^ _ > _ ^
rtsst 1 0 _ -> rtsst 1 ^ 0 < _ ^
rtsst 1 1 _ -> rtsst 1 ^ 1 < _ ^
rtsst 1 _ _ -> comp 1 ^ _ > _ ^
comp 0 0 _ -> comp 0 > 0 > _ ^
comp 0 1 _ -> ml 0 > 1 > _ ^
comp 1 0 _ -> mg 1 > 0 > _ ^
comp 1 1 _ -> comp 1 > 1 > _ ^
comp | _ _ -> rtsst | > _ < _ ^
comp 2 _ _ -> rtsstclstrtsft 2 < _ < _ ^
comp | 0 _ -> lrts | < 0 < _ ^
comp | 1 _ -> lrts | < 1 < _ ^
comp 2 0 _ -> lrts 2 < 0 < _ ^
comp 2 1 _ -> lrts 2 < 1 < _ ^
comp 0 _ _ -> grts 0 < _ < _ ^
comp 1 _ _ -> grts 1 < _ < _ ^
ml 0 0 _ -> ml 0 > 0 > _ ^
ml 0 1 _ -> ml 0 > 1 > _ ^
ml 1 0 _ -> ml 1 > 0 > _ ^
ml 1 1 _ -> ml 1 > 1 > _ ^
ml | 0 _ -> lrts | < 0 < _ ^
ml | 1 _ -> lrts | < 1 < _ ^
ml 2 0 _ -> lrts 2 < 0 < _ ^
ml 2 1 _ -> lrts 2 < 1 < _ ^
ml | _ _ -> lrts | < _ < _ ^
ml 2 _ _ -> lrts 2 < _ < _ ^
ml 0 _ _ -> grts 0 < _ < _ ^
ml 1 _ _ -> grts 1 < _ < _ ^
mg 0 0 _ -> mg 0 > 0 > _ ^
mg 0 1 _ -> mg 0 > 1 > _ ^
mg 1 0 _ -> mg 1 > 0 > _ ^
mg 1 1 _ -> mg 1 > 1 > _ ^
mg | 0 _ -> lrts | < 0 < _ ^
mg | 1 _ -> lrts | < 1 < _ ^
mg 2 0 _ -> lrts 2 < 0 < _ ^
mg 2 1 _ -> lrts 2 < 1 < _ ^
mg | _ _ -> grts | < _ < _ ^
mg 2 _ _ -> grts 2 < _ < _ ^
mg 0 _ _ -> grts 0 < _ < _ ^
mg 1 _ _ -> grts 1 < _ < _ ^
lrts 0 0 _ -> lrts 0 < 0 < 0 <
lrts 0 1 _ -> lrts 0 < 1 < 0 <
lrts 1 0 _ -> lrts 1 < 0 < 1 <
lrts 1 1 _ -> lrts 1 < 1 < 1 <
lrts | _ _ -> lsw | < _ > _ >
lsw 0 0 0 -> lsw 0 < 0 ^ 0 ^
lsw 0 0 1 -> lsw 0 < 0 ^ 1 ^
lsw 0 1 0 -> lsw 0 < 1 ^ 0 ^
lsw 0 1 1 -> lsw 0 < 1 ^ 1 ^
lsw 1 0 0 -> lsw 1 < 0 ^ 0 ^
lsw 1 0 1 -> lsw 1 < 0 ^ 1 ^
lsw 1 1 0 -> lsw 1 < 1 ^ 0 ^
lsw 1 1 1 -> lsw 1 < 1 ^ 1 ^
lsw | 0 0 -> ls | > 0 ^ 0 ^
lsw | 0 1 -> ls | > 0 ^ 1 ^
lsw | 1 0 -> ls | > 1 ^ 0 ^
lsw | 1 1 -> ls | > 1 ^ 1 ^
lsw _ 0 0 -> ls _ > 0 ^ 0 ^
lsw _ 0 1 -> ls _ > 0 ^ 1 ^
lsw _ 1 0 -> ls _ > 1 ^ 0 ^
lsw _ 1 1 -> ls _ > 1 ^ 1 ^
grts 0 0 _ -> grts 0 < 0 < _ ^
grts 0 1 _ -> grts 0 < 1 < _ ^
grts 1 0 _ -> grts 1 < 0 < _ ^
grts 1 1 _ -> grts 1 < 1 < _ ^
grts | _ _ -> gcm | > _ > _ ^
grts _ _ _ -> gcm _ > _ > _ ^
gcm 0 0 _ -> gcm 0 > 0 > _ ^
gcm 0 1 _ -> gcm 0 > 0 > _ ^
gcm 1 0 _ -> gcm 1 > 1 > _ ^
gcm 1 1 _ -> gcm 1 > 1 > _ ^
gcm 0 _ _ -> gcm 0 > 0 > _ ^
gcm 1 _ _ -> gcm 1 > 1 > _ ^
gcm | _ _ -> rtsst | > _ < _ ^
gcm 2 _ _ -> rtsstclstrtsft 2 < _ < _ ^
ls 0 0 0 -> ls 0 > 0 ^ _ >
ls 0 0 1 -> ls 1 > 0 ^ _ >
ls 0 1 0 -> ls 0 > 1 ^ _ >
ls 0 1 1 -> ls 1 > 1 ^ _ >
ls 1 0 0 -> ls 0 > 0 ^ _ >
ls 1 0 1 -> ls 1 > 0 ^ _ >
ls 1 1 0 -> ls 0 > 1 ^ _ >
ls 1 1 1 -> ls 1 > 1 ^ _ >
ls 0 0 _ -> w2t | > 0 ^ _ ^
ls 0 1 _ -> w2t | > 1 ^ _ ^
ls 1 0 _ -> w2t | > 0 ^ _ ^
ls 1 1 _ -> w2t | > 1 ^ _ ^
ls | 0 _ -> w2t | > 0 ^ _ ^
ls | 1 _ -> w2t | > 1 ^ _ ^
w2t 0 0 _ -> w2t 0 > 0 > _ ^
w2t 0 1 _ -> w2t 1 > 1 > _ ^
w2t 1 0 _ -> w2t 0 > 0 > _ ^
w2t 1 1 _ -> w2t 1 > 1 > _ ^
w2t | 0 _ -> w2t 0 > 0 > _ ^
w2t | 1 _ -> w2t 1 > 1 > _ ^
w2t | _ _ -> rtsst | > _ < _ ^
w2t 2 _ _ -> rtsstclstrtsft 2 < _ < _ ^
rtsstclstrtsft 0 0 _ -> rtsstclstrtsft 0 ^ _ < _ ^
rtsstclstrtsft 0 1 _ -> rtsstclstrtsft 0 ^ _ < _ ^
rtsstclstrtsft 1 0 _ -> rtsstclstrtsft 1 ^ _ < _ ^
rtsstclstrtsft 1 1 _ -> rtsstclstrtsft 1 ^ _ < _ ^
rtsstclstrtsft 0 _ _ -> rsft2 0 ^ _ ^ _ ^
rtsstclstrtsft 1 _ _ -> rsft2 1 ^ _ ^ _ ^
rsft2 0 _ _ -> rsft2 0 < _ ^ _ ^
rsft2 1 _ _ -> rsft2 1 < _ ^ _ ^
rsft2 | _ _ -> rtsft 2 < _ ^ _ ^
rsft2 _ _ _ -> dc2w| _ > _ ^ _ ^
rtsft 0 _ _ -> rtsft 0 < _ ^ _ ^
rtsft 1 _ _ -> rtsft 1 < _ ^ _ ^
rtsft | _ _ -> rtsft | < _ ^ _ ^
rtsft _ _ _ -> s1 _ > _ ^ _ ^
dc2w| 0 _ _ -> dc2w| 0 > _ ^ _ ^
dc2w| 1 _ _ -> dc2w| 1 > _ ^ _ ^
dc2w| 2 _ _ -> dc2w| | > _ ^ _ ^
dc2w| _ _ _ -> cl| _ < _ ^ _ ^
cl| | _ _ -> gtsga _ < _ ^ _ ^
gtsga 0 _ _ -> gtsga 0 < _ ^ _ ^
gtsga 1 _ _ -> gtsga 1 < _ ^ _ ^
gtsga | _ _ -> gtsga | < _ ^ _ ^
gtsga _ _ _ -> AC _ > _ ^ _ ^
